
[ LOGGER ]  23-03-21 19:10:53  [ERROR] : undefined
[ LOGGER ]  23-03-21 19:10:53  [ERROR] : undefined
[ LOGGER ]  23-03-21 19:11:17  [ERROR] : undefined
[ LOGGER ]  23-03-21 19:11:17  [ERROR] : undefined
[ LOGGER ]  23-03-21 19:12:12  [ERROR] : undefined
[ LOGGER ]  23-03-21 19:12:12  [ERROR] : undefined
[ LOGGER ]  23-03-21 19:13:07  [ERROR] : undefined
[ LOGGER ]  23-03-21 19:13:07  [ERROR] : undefined
[ LOGGER ]  23-03-21 19:14:25  [ERROR] : undefined
[ LOGGER ]  23-03-21 19:14:25  [ERROR] : undefined
[ LOGGER ]  23-03-21 19:14:30  [ERROR] : undefined
[ LOGGER ]  23-03-21 19:14:30  [ERROR] : undefined
[ LOGGER ]  23-03-21 19:16:03  [ERROR] : undefined
[ LOGGER ]  23-03-21 19:16:03  [ERROR] : undefined
[ LOGGER ]  23-03-21 19:16:27  [ERROR] : este this.models[entity].getById is not a function
[ LOGGER ]  23-03-21 19:16:27  [ERROR] : undefined
[ LOGGER ]  23-03-21 19:16:39  [ERROR] : este this.models[entity].getById is not a function
[ LOGGER ]  23-03-21 19:16:39  [ERROR] : undefined
[ LOGGER ]  23-03-21 19:17:07  [ERROR] : este this.models[entity].getById is not a function
[ LOGGER ]  23-03-21 19:18:45  [ERROR] : este Cannot read properties of undefined (reading 'getById')
[ LOGGER ]  23-03-21 19:19:55  [ERROR] : este id_cart is not defined
[ LOGGER ]  23-03-21 19:20:23  [ERROR] : este this.models[entity].fi is not a function
[ LOGGER ]  23-03-21 19:20:47  [ERROR] : undefined
[ LOGGER ]  23-03-21 19:21:16  [ERROR] : esteOTRO Parameter "filter" to updateOne() must be an object, got 641a26d69fac2efd6e6dfa25
[ LOGGER ]  23-03-23 18:21:11  [ERROR] : undefined
[ LOGGER ]  23-03-23 18:21:29  [ERROR] : undefined
[ LOGGER ]  23-03-23 18:22:06  [ERROR] : undefined
[ LOGGER ]  23-03-23 18:24:36  [ERROR] : undefined
[ LOGGER ]  23-03-23 18:26:12  [ERROR] : undefined
[ LOGGER ]  23-03-23 18:38:24  [ERROR] : undefined
[ LOGGER ]  23-03-23 18:38:31  [ERROR] : undefined
[ LOGGER ]  23-03-23 18:38:42  [ERROR] : undefined
[ LOGGER ]  23-03-23 18:38:44  [ERROR] : undefined
[ LOGGER ]  23-03-23 18:38:49  [ERROR] : undefined
[ LOGGER ]  23-03-23 18:38:53  [ERROR] : undefined
[ LOGGER ]  23-03-23 18:39:04  [ERROR] : undefined
[ LOGGER ]  23-03-23 18:39:06  [ERROR] : undefined
[ LOGGER ]  23-03-23 18:39:10  [ERROR] : undefined
[ LOGGER ]  23-03-23 18:40:11  [ERROR] : undefined
[ LOGGER ]  23-03-23 18:40:34  [ERROR] : undefined
[ LOGGER ]  23-03-23 18:41:56  [ERROR] : undefined
[ LOGGER ]  23-03-23 18:42:05  [ERROR] : undefined
[ LOGGER ]  23-03-23 21:42:13  [ERROR] : undefined
[ LOGGER ]  23-03-23 21:43:25  [ERROR] : undefined
[ LOGGER ]  23-03-23 21:43:35  [ERROR] : undefined
[ LOGGER ]  23-03-24 18:23:37  [ERROR] : undefined
[ LOGGER ]  23-03-24 19:59:58  [ERROR] : undefined
[ LOGGER ]  23-03-24 20:53:21  [ERROR] : undefined
[ LOGGER ]  23-03-24 21:57:07  [ERROR] : undefined
[ LOGGER ]  23-03-24 21:57:32  [ERROR] : undefined
