[ LOGGER ]  23-03-20 19:10:11  [WARN] : ruta  / metodo GET no implementada
[ LOGGER ]  23-03-20 19:10:12  [WARN] : ruta  /favicon.ico metodo GET no implementada
[ LOGGER ]  23-03-20 19:14:14  [WARN] : ruta  /api/user metodo GET no implementada
[ LOGGER ]  23-03-20 19:14:26  [WARN] : ruta  /api/user/auth metodo GET no implementada
[ LOGGER ]  23-03-20 19:14:54  [WARN] : ruta  /api/user/auth metodo GET no implementada
[ LOGGER ]  23-03-20 19:14:57  [WARN] : ruta  /api/user/auth metodo GET no implementada
[ LOGGER ]  23-03-20 23:46:16  [WARN] : ruta  /api metodo GET no implementada
[ LOGGER ]  23-03-21 17:50:58  [WARN] : ruta  /api/products/641a139f46f7a065ec0f1967 metodo POST no implementada
[ LOGGER ]  23-03-21 17:55:42  [WARN] : ruta  /api/products/ metodo PUT no implementada
[ LOGGER ]  23-03-21 17:56:26  [WARN] : ruta  /api/products/ metodo PUT no implementada
[ LOGGER ]  23-03-21 17:59:02  [WARN] : ruta  /api/products/ metodo PUT no implementada
[ LOGGER ]  23-03-21 17:59:07  [WARN] : ruta  /api/products/ metodo PUT no implementada
[ LOGGER ]  23-03-21 18:04:27  [WARN] : ruta  /api/products/ metodo PUT no implementada
[ LOGGER ]  23-03-21 18:04:32  [WARN] : ruta  /api/products/ metodo PUT no implementada
[ LOGGER ]  23-03-21 18:04:47  [WARN] : ruta  /api/products/ metodo PUT no implementada
[ LOGGER ]  23-03-21 18:04:59  [WARN] : ruta  /api/products/ metodo PUT no implementada
[ LOGGER ]  23-03-21 18:05:16  [WARN] : ruta  /api/products/ metodo PUT no implementada
[ LOGGER ]  23-03-21 18:05:56  [WARN] : ruta  /api/products/ metodo PUT no implementada
[ LOGGER ]  23-03-21 18:06:11  [WARN] : ruta  /api/products/ metodo PUT no implementada
[ LOGGER ]  23-03-21 18:07:46  [WARN] : ruta  /api/products/ metodo PUT no implementada
[ LOGGER ]  23-03-21 18:11:55  [WARN] : ruta  /api/products/ metodo PUT no implementada
[ LOGGER ]  23-03-21 19:10:08  [WARN] : ruta  /api/cart/641a26d69fac2efd6e6dfa25/products/641a18b9a332353729084b11 metodo POST no implementada
[ LOGGER ]  23-03-21 19:10:53  [ERROR] : undefined
[ LOGGER ]  23-03-21 19:10:53  [ERROR] : undefined
[ LOGGER ]  23-03-21 19:11:17  [ERROR] : undefined
[ LOGGER ]  23-03-21 19:11:17  [ERROR] : undefined
[ LOGGER ]  23-03-21 19:12:12  [ERROR] : undefined
[ LOGGER ]  23-03-21 19:12:12  [ERROR] : undefined
[ LOGGER ]  23-03-21 19:13:07  [ERROR] : undefined
[ LOGGER ]  23-03-21 19:13:07  [ERROR] : undefined
[ LOGGER ]  23-03-21 19:14:25  [ERROR] : undefined
[ LOGGER ]  23-03-21 19:14:25  [ERROR] : undefined
[ LOGGER ]  23-03-21 19:14:30  [ERROR] : undefined
[ LOGGER ]  23-03-21 19:14:30  [ERROR] : undefined
[ LOGGER ]  23-03-21 19:16:03  [ERROR] : undefined
[ LOGGER ]  23-03-21 19:16:03  [ERROR] : undefined
[ LOGGER ]  23-03-21 19:16:27  [ERROR] : este this.models[entity].getById is not a function
[ LOGGER ]  23-03-21 19:16:27  [ERROR] : undefined
[ LOGGER ]  23-03-21 19:16:39  [ERROR] : este this.models[entity].getById is not a function
[ LOGGER ]  23-03-21 19:16:39  [ERROR] : undefined
[ LOGGER ]  23-03-21 19:17:07  [ERROR] : este this.models[entity].getById is not a function
[ LOGGER ]  23-03-21 19:18:45  [ERROR] : este Cannot read properties of undefined (reading 'getById')
[ LOGGER ]  23-03-21 19:19:55  [ERROR] : este id_cart is not defined
[ LOGGER ]  23-03-21 19:20:23  [ERROR] : este this.models[entity].fi is not a function
[ LOGGER ]  23-03-21 19:20:47  [ERROR] : undefined
[ LOGGER ]  23-03-21 19:21:16  [ERROR] : esteOTRO Parameter "filter" to updateOne() must be an object, got 641a26d69fac2efd6e6dfa25
[ LOGGER ]  23-03-21 20:21:32  [WARN] : ruta  / metodo GET no implementada
[ LOGGER ]  23-03-21 20:21:33  [WARN] : ruta  /favicon.ico metodo GET no implementada
[ LOGGER ]  23-03-21 20:21:48  [WARN] : ruta  /api/auth/login metodo POST no implementada
[ LOGGER ]  23-03-21 20:21:55  [WARN] : ruta  /api/auth/register metodo GET no implementada
[ LOGGER ]  23-03-21 20:22:38  [WARN] : ruta  / metodo GET no implementada
[ LOGGER ]  23-03-21 20:23:08  [WARN] : ruta  /api/auth/register metodo POST no implementada
[ LOGGER ]  23-03-21 20:24:29  [WARN] : ruta  /api/auth/register metodo GET no implementada
[ LOGGER ]  23-03-21 20:24:48  [WARN] : ruta  /api/auth/register metodo GET no implementada
[ LOGGER ]  23-03-21 20:25:19  [WARN] : ruta  / metodo GET no implementada
[ LOGGER ]  23-03-22 19:34:53  [WARN] : ruta  /favicon.ico metodo GET no implementada
[ LOGGER ]  23-03-22 19:34:59  [WARN] : ruta  /api/auth/register metodo GET no implementada
[ LOGGER ]  23-03-22 22:26:18  [WARN] : ruta  /favicon.ico metodo GET no implementada
[ LOGGER ]  23-03-22 22:44:45  [WARN] : ruta  /favicon.ico metodo GET no implementada
[ LOGGER ]  23-03-23 16:50:38  [WARN] : ruta  /favicon.ico metodo GET no implementada
[ LOGGER ]  23-03-23 17:17:36  [WARN] : ruta  /api/auth/logout metodo GET no implementada
[ LOGGER ]  23-03-23 17:29:01  [WARN] : ruta  /api/auth/logout metodo GET no implementada
[ LOGGER ]  23-03-23 17:39:12  [WARN] : ruta  /api/auth/register metodo GET no implementada
[ LOGGER ]  23-03-23 17:39:44  [WARN] : ruta  /favicon.ico metodo GET no implementada
[ LOGGER ]  23-03-23 17:41:52  [WARN] : ruta  /api/user/index.js metodo GET no implementada
[ LOGGER ]  23-03-23 18:21:11  [ERROR] : undefined
[ LOGGER ]  23-03-23 18:21:29  [ERROR] : undefined
[ LOGGER ]  23-03-23 18:21:50  [WARN] : ruta  /api/cart metodo GET no implementada
[ LOGGER ]  23-03-23 18:22:06  [ERROR] : undefined
[ LOGGER ]  23-03-23 18:24:36  [ERROR] : undefined
[ LOGGER ]  23-03-23 18:26:12  [ERROR] : undefined
[ LOGGER ]  23-03-23 18:27:00  [WARN] : ruta  /Nose metodo GET no implementada
[ LOGGER ]  23-03-23 18:27:18  [WARN] : ruta  /alt=$%7Bproduct.name%7D metodo GET no implementada
[ LOGGER ]  23-03-23 18:27:38  [WARN] : ruta  /Nose metodo GET no implementada
[ LOGGER ]  23-03-23 18:27:57  [WARN] : ruta  /Nose metodo GET no implementada
[ LOGGER ]  23-03-23 18:28:32  [WARN] : ruta  /Nose metodo GET no implementada
[ LOGGER ]  23-03-23 18:36:30  [WARN] : ruta  /api/cart metodo GET no implementada
[ LOGGER ]  23-03-23 18:38:08  [WARN] : ruta  /api/cart metodo GET no implementada
[ LOGGER ]  23-03-23 18:38:12  [WARN] : ruta  /api/cart metodo GET no implementada
[ LOGGER ]  23-03-23 18:38:15  [WARN] : ruta  /api/cart metodo GET no implementada
[ LOGGER ]  23-03-23 18:38:19  [WARN] : ruta  /api/cart metodo GET no implementada
[ LOGGER ]  23-03-23 18:38:23  [WARN] : ruta  /api/profile metodo GET no implementada
[ LOGGER ]  23-03-23 18:38:24  [ERROR] : undefined
[ LOGGER ]  23-03-23 18:38:28  [WARN] : ruta  /api/auth/logout metodo GET no implementada
[ LOGGER ]  23-03-23 18:38:31  [ERROR] : undefined
[ LOGGER ]  23-03-23 18:38:42  [ERROR] : undefined
[ LOGGER ]  23-03-23 18:38:44  [ERROR] : undefined
[ LOGGER ]  23-03-23 18:38:49  [ERROR] : undefined
[ LOGGER ]  23-03-23 18:38:53  [ERROR] : undefined
[ LOGGER ]  23-03-23 18:39:04  [ERROR] : undefined
[ LOGGER ]  23-03-23 18:39:06  [ERROR] : undefined
[ LOGGER ]  23-03-23 18:39:10  [ERROR] : undefined
[ LOGGER ]  23-03-23 18:40:11  [ERROR] : undefined
[ LOGGER ]  23-03-23 18:40:34  [ERROR] : undefined
[ LOGGER ]  23-03-23 18:41:56  [ERROR] : undefined
[ LOGGER ]  23-03-23 18:42:03  [WARN] : ruta  /api/user/logout metodo GET no implementada
[ LOGGER ]  23-03-23 18:42:05  [ERROR] : undefined
[ LOGGER ]  23-03-23 21:42:13  [ERROR] : undefined
[ LOGGER ]  23-03-23 21:43:25  [ERROR] : undefined
[ LOGGER ]  23-03-23 21:43:35  [ERROR] : undefined
[ LOGGER ]  23-03-23 21:43:58  [WARN] : ruta  /favicon.ico metodo GET no implementada
[ LOGGER ]  23-03-23 21:44:23  [WARN] : ruta  /api/profile metodo GET no implementada
[ LOGGER ]  23-03-23 21:45:38  [WARN] : ruta  /api/user/index.js metodo GET no implementada
[ LOGGER ]  23-03-23 21:51:14  [WARN] : ruta  /api/width=%22100px%22 metodo GET no implementada
[ LOGGER ]  23-03-23 21:51:26  [WARN] : ruta  /api/Nose metodo GET no implementada
[ LOGGER ]  23-03-23 21:53:00  [WARN] : ruta  /api/order metodo POST no implementada
[ LOGGER ]  23-03-24 18:23:37  [ERROR] : undefined
[ LOGGER ]  23-03-24 18:23:46  [WARN] : ruta  /favicon.ico metodo GET no implementada
[ LOGGER ]  23-03-24 18:25:39  [WARN] : ruta  /api/order metodo POST no implementada
[ LOGGER ]  23-03-24 18:55:53  [WARN] : ruta  /api/order metodo GET no implementada
[ LOGGER ]  23-03-24 19:59:58  [ERROR] : undefined
[ LOGGER ]  23-03-24 20:53:21  [ERROR] : undefined
[ LOGGER ]  23-03-24 21:10:28  [WARN] : ruta  /api/user/index.js metodo GET no implementada
[ LOGGER ]  23-03-24 21:57:07  [ERROR] : undefined
[ LOGGER ]  23-03-24 21:57:32  [ERROR] : undefined
[ LOGGER ]  23-03-24 21:59:37  [WARN] : ruta  /api/cart/641e3bde3d6b1f0429eec8b6/products/641cc49a942027dd38d21c0a/pages/cart metodo GET no implementada
[ LOGGER ]  23-03-24 22:00:40  [WARN] : ruta  /api/cart/641e3bde3d6b1f0429eec8b6/products/64066d2fd632e602f5670227/api/cart metodo GET no implementada
